This file contains any messages produced by compilers while
running configure, to aid debugging if configure makes a mistake.

It was created by strace configure 4.5.20, which was
generated by GNU Autoconf 2.65.  Invocation command line was

  $ ./configure clean

## --------- ##
## Platform. ##
## --------- ##

hostname = immortal
uname -m = x86_64
uname -r = 2.6.38-11-generic
uname -s = Linux
uname -v = #47-Ubuntu SMP Fri Jul 15 19:27:09 UTC 2011

/usr/bin/uname -p = unknown
/bin/uname -X     = unknown

/bin/arch              = unknown
/usr/bin/arch -k       = unknown
/usr/convex/getsysinfo = unknown
/usr/bin/hostinfo      = unknown
/bin/machine           = unknown
/usr/bin/oslevel       = unknown
/bin/universe          = unknown

PATH: /usr/local/sbin
PATH: /usr/local/bin
PATH: /usr/sbin
PATH: /usr/bin
PATH: /sbin
PATH: /bin
PATH: /usr/games


## ----------- ##
## Core tests. ##
## ----------- ##

configure:2361: checking for a BSD-compatible install
configure:2429: result: /usr/bin/install -c
configure:2440: checking whether build environment is sane
configure:2490: result: yes
configure:2631: checking for a thread-safe mkdir -p
configure:2670: result: /bin/mkdir -p
configure:2683: checking for gawk
configure:2713: result: no
configure:2683: checking for mawk
configure:2699: found /usr/bin/mawk
configure:2710: result: mawk
configure:2721: checking whether make sets $(MAKE)
configure:2743: result: yes
configure:2824: checking whether to enable maintainer-specific portions of Makefiles
configure:2833: result: no
configure:2850: checking build system type
configure:2861: error: /bin/bash ./config.sub clean failed

## ---------------- ##
## Cache variables. ##
## ---------------- ##

ac_cv_build=
ac_cv_env_CC_set=
ac_cv_env_CC_value=
ac_cv_env_CFLAGS_set=
ac_cv_env_CFLAGS_value=
ac_cv_env_CPPFLAGS_set=
ac_cv_env_CPPFLAGS_value=
ac_cv_env_CPP_set=
ac_cv_env_CPP_value=
ac_cv_env_LDFLAGS_set=
ac_cv_env_LDFLAGS_value=
ac_cv_env_LIBS_set=
ac_cv_env_LIBS_value=
ac_cv_env_build_alias_set=set
ac_cv_env_build_alias_value=clean
ac_cv_env_host_alias_set=set
ac_cv_env_host_alias_value=clean
ac_cv_env_target_alias_set=set
ac_cv_env_target_alias_value=clean
ac_cv_path_install='/usr/bin/install -c'
ac_cv_path_mkdir=/bin/mkdir
ac_cv_prog_AWK=mawk
ac_cv_prog_make_make_set=yes

## ----------------- ##
## Output variables. ##
## ----------------- ##

ACLOCAL='${SHELL} /home/nea/test/myptrace/strace-4.5.20/missing --run aclocal-1.11'
AMDEPBACKSLASH=''
AMDEP_FALSE=''
AMDEP_TRUE=''
AMTAR='${SHELL} /home/nea/test/myptrace/strace-4.5.20/missing --run tar'
AUTOCONF='${SHELL} /home/nea/test/myptrace/strace-4.5.20/missing --run autoconf'
AUTOHEADER='${SHELL} /home/nea/test/myptrace/strace-4.5.20/missing --run autoheader'
AUTOMAKE='${SHELL} /home/nea/test/myptrace/strace-4.5.20/missing --run automake-1.11'
AWK='mawk'
CC=''
CCDEPMODE=''
CFLAGS=''
CPP=''
CPPFLAGS=''
CYGPATH_W='echo'
DEFS=''
DEPDIR=''
ECHO_C=''
ECHO_N='-n'
ECHO_T=''
EGREP=''
EXEEXT=''
FREEBSD_FALSE=''
FREEBSD_TRUE=''
GREP=''
I386_FALSE=''
I386_TRUE=''
INSTALL_DATA='${INSTALL} -m 644'
INSTALL_PROGRAM='${INSTALL}'
INSTALL_SCRIPT='${INSTALL}'
INSTALL_STRIP_PROGRAM='$(install_sh) -c -s'
LDFLAGS=''
LIBOBJS=''
LIBS=''
LINUX_FALSE=''
LINUX_TRUE=''
LTLIBOBJS=''
MAINT='#'
MAINTAINER_MODE_FALSE=''
MAINTAINER_MODE_TRUE='#'
MAKEINFO='${SHELL} /home/nea/test/myptrace/strace-4.5.20/missing --run makeinfo'
MKDIR_P='/bin/mkdir -p'
OBJEXT=''
PACKAGE='strace'
PACKAGE_BUGREPORT=''
PACKAGE_NAME='strace'
PACKAGE_STRING='strace 4.5.20'
PACKAGE_TARNAME='strace'
PACKAGE_URL=''
PACKAGE_VERSION='4.5.20'
PATH_SEPARATOR=':'
PERL=''
SET_MAKE=''
SHELL='/bin/bash'
STRIP=''
SUNOS4_FALSE=''
SUNOS4_TRUE=''
SVR4_FALSE=''
SVR4_TRUE=''
VERSION='4.5.20'
WARNFLAGS=''
X86_64_FALSE=''
X86_64_TRUE=''
ac_ct_CC=''
am__EXEEXT_FALSE=''
am__EXEEXT_TRUE=''
am__fastdepCC_FALSE=''
am__fastdepCC_TRUE=''
am__include=''
am__isrc=''
am__leading_dot='.'
am__nodep=''
am__quote=''
am__tar='${AMTAR} chof - "$$tardir"'
am__untar='${AMTAR} xf -'
arch=''
bindir='${exec_prefix}/bin'
build='clean'
build_alias='clean'
build_cpu=''
build_os=''
build_vendor=''
datadir='${datarootdir}'
datarootdir='${prefix}/share'
docdir='${datarootdir}/doc/${PACKAGE_TARNAME}'
dvidir='${docdir}'
exec_prefix='NONE'
host='clean'
host_alias='clean'
host_cpu=''
host_os=''
host_vendor=''
htmldir='${docdir}'
includedir='${prefix}/include'
infodir='${datarootdir}/info'
install_sh='${SHELL} /home/nea/test/myptrace/strace-4.5.20/install-sh'
libdir='${exec_prefix}/lib'
libexecdir='${exec_prefix}/libexec'
localedir='${datarootdir}/locale'
localstatedir='${prefix}/var'
mandir='${datarootdir}/man'
mkdir_p='/bin/mkdir -p'
oldincludedir='/usr/include'
opsys=''
pdfdir='${docdir}'
prefix='NONE'
program_transform_name='s,x,x,'
psdir='${docdir}'
sbindir='${exec_prefix}/sbin'
sharedstatedir='${prefix}/com'
sysconfdir='${prefix}/etc'
target_alias='clean'

## ----------- ##
## confdefs.h. ##
## ----------- ##

/* confdefs.h */
#define PACKAGE_NAME "strace"
#define PACKAGE_TARNAME "strace"
#define PACKAGE_VERSION "4.5.20"
#define PACKAGE_STRING "strace 4.5.20"
#define PACKAGE_BUGREPORT ""
#define PACKAGE_URL ""
#define PACKAGE "strace"
#define VERSION "4.5.20"

configure: exit 1
